[4/16/2023 9:15:23 PM] [Information]  DocumentCache -> Migrating cache folder from subversion 0.0 to subversion 2.0.
[4/16/2023 9:15:23 PM] [Information]  DocumentCache -> Renamed cache file "~1642n8d\~1642n8d~1k3kk2s.pdf" to "~1642n8d\~1642n8d~8gmhy4.pdf".
[4/16/2023 9:15:23 PM] [Information]  DocumentCache -> Renamed cache file "~1642n8d\~1642n8d~t24kl4.xpz" to "~1642n8d\~1642n8d~1ciruno.xpz".
[4/16/2023 9:15:23 PM] [Information]  DocumentCache -> Updated and renamed cache info file "~1642n8d\~1642n8d~t24kl4.json" to "~1642n8d\~1642n8d~1ciruno.json".
[4/16/2023 9:15:23 PM] [Information]  DocumentCache -> Renamed cache file "~19lcn2r\~19lcn2r~s8gosx.pdf" to "~19lcn2r\~19lcn2r~1j1z1m6.pdf".
[4/16/2023 9:15:23 PM] [Information]  DocumentCache -> Renamed cache file "~19lcn2r\~19lcn2r~ebuubc.xpz" to "~19lcn2r\~19lcn2r~1e0w7fg.xpz".
[4/16/2023 9:15:23 PM] [Information]  DocumentCache -> Updated and renamed cache info file "~19lcn2r\~19lcn2r~ebuubc.json" to "~19lcn2r\~19lcn2r~1e0w7fg.json".
[4/16/2023 9:15:23 PM] [Information]  DocumentCache -> Renamed cache file "~1jscuwo\~1jscuwo~1k3kk2s.pdf" to "~1jscuwo\~1jscuwo~8gmhy4.pdf".
[4/16/2023 9:15:23 PM] [Information]  DocumentCache -> Renamed cache file "~1jscuwo\~1jscuwo~4tgh9p.xpz" to "~1jscuwo\~1jscuwo~od9r1r.xpz".
[4/16/2023 9:15:23 PM] [Information]  DocumentCache -> Updated and renamed cache info file "~1jscuwo\~1jscuwo~4tgh9p.json" to "~1jscuwo\~1jscuwo~od9r1r.json".
[4/16/2023 9:15:23 PM] [Information]  DocumentCache -> Renamed cache file "~1jzmg06\~1jzmg06~1k3kk2s.pdf" to "~1jzmg06\~1jzmg06~8gmhy4.pdf".
[4/16/2023 9:15:23 PM] [Information]  DocumentCache -> Renamed cache file "~1jzmg06\~1jzmg06~3hc8ne.xpz" to "~1jzmg06\~1jzmg06~1515n4h.xpz".
[4/16/2023 9:15:23 PM] [Information]  DocumentCache -> Updated and renamed cache info file "~1jzmg06\~1jzmg06~3hc8ne.json" to "~1jzmg06\~1jzmg06~1515n4h.json".
[4/16/2023 9:15:23 PM] [Information]  DocumentCache -> Updated and renamed cache info file "~1kkzt3t\~1kkzt3t~ip53i1.json" to "~1kkzt3t\~1kkzt3t~86m04k.json".
[4/16/2023 9:15:23 PM] [Information]  DocumentCache -> Renamed cache file "~1ktu4y8\~1ktu4y8~1k3kk2s.pdf" to "~1ktu4y8\~1ktu4y8~8gmhy4.pdf".
[4/16/2023 9:15:23 PM] [Information]  DocumentCache -> Renamed cache file "~1ktu4y8\~1ktu4y8~1sz0805.xpz" to "~1ktu4y8\~1ktu4y8~ozjfqi.xpz".
[4/16/2023 9:15:23 PM] [Information]  DocumentCache -> Updated and renamed cache info file "~1ktu4y8\~1ktu4y8~1sz0805.json" to "~1ktu4y8\~1ktu4y8~ozjfqi.json".
[4/16/2023 9:15:23 PM] [Information]  DocumentCache -> Renamed cache file "~1qhfe2j\~1qhfe2j~ekd5yt.pdf" to "~1qhfe2j\~1qhfe2j~161nnhz.pdf".
[4/16/2023 9:15:23 PM] [Information]  DocumentCache -> Renamed cache file "~1qhfe2j\~1qhfe2j~1uwjch5.xpz" to "~1qhfe2j\~1qhfe2j~3ihimo.xpz".
[4/16/2023 9:15:23 PM] [Information]  DocumentCache -> Updated and renamed cache info file "~1qhfe2j\~1qhfe2j~1uwjch5.json" to "~1qhfe2j\~1qhfe2j~3ihimo.json".
[4/16/2023 9:15:23 PM] [Information]  DocumentCache -> Renamed cache file "~1quao1n\~1quao1n~1ku2u1d.pdf" to "~1quao1n\~1quao1n~15li38d.pdf".
[4/16/2023 9:15:23 PM] [Information]  DocumentCache -> Renamed cache file "~1quao1n\~1quao1n~bks7gn.xpz" to "~1quao1n\~1quao1n~b3xi2h.xpz".
[4/16/2023 9:15:23 PM] [Information]  DocumentCache -> Updated and renamed cache info file "~1quao1n\~1quao1n~bks7gn.json" to "~1quao1n\~1quao1n~b3xi2h.json".
[4/16/2023 9:15:23 PM] [Information]  DocumentCache -> Renamed cache file "~1rlsnds\~1rlsnds~1k3kk2s.pdf" to "~1rlsnds\~1rlsnds~8gmhy4.pdf".
[4/16/2023 9:15:23 PM] [Information]  DocumentCache -> Renamed cache file "~1rlsnds\~1rlsnds~1tab4ef.xpz" to "~1rlsnds\~1rlsnds~16w1xh8.xpz".
[4/16/2023 9:15:23 PM] [Information]  DocumentCache -> Updated and renamed cache info file "~1rlsnds\~1rlsnds~1tab4ef.json" to "~1rlsnds\~1rlsnds~16w1xh8.json".
[4/16/2023 9:15:24 PM] [Information]  DocumentCache -> Updated and renamed cache info file "~1uk7ukf\~1uk7ukf~1cwwjmh.json" to "~1uk7ukf\~1uk7ukf~7fbukv.json".
[4/16/2023 9:15:24 PM] [Information]  DocumentCache -> Renamed cache file "~7rduyf\~7rduyf~1nrwo2i.pdf" to "~7rduyf\~7rduyf~1f2y5al.pdf".
[4/16/2023 9:15:24 PM] [Information]  DocumentCache -> Renamed cache file "~7rduyf\~7rduyf~ld9yzm.xpz" to "~7rduyf\~7rduyf~inxbse.xpz".
[4/16/2023 9:15:24 PM] [Information]  DocumentCache -> Updated and renamed cache info file "~7rduyf\~7rduyf~ld9yzm.json" to "~7rduyf\~7rduyf~inxbse.json".
[4/16/2023 9:15:24 PM] [Information]  DocumentCache -> Renamed cache file "~8o7rhz\~8o7rhz~x2y0xb.pdf" to "~8o7rhz\~8o7rhz~1t7s6b9.pdf".
[4/16/2023 9:15:24 PM] [Information]  DocumentCache -> Renamed cache file "~8o7rhz\~8o7rhz~f8tcov.xpz" to "~8o7rhz\~8o7rhz~16rkfen.xpz".
[4/16/2023 9:15:24 PM] [Information]  DocumentCache -> Updated and renamed cache info file "~8o7rhz\~8o7rhz~f8tcov.json" to "~8o7rhz\~8o7rhz~16rkfen.json".
[4/16/2023 9:15:24 PM] [Information]  DocumentCache -> Renamed cache file "~cioh6o\~cioh6o~wufbqa.pdf" to "~cioh6o\~cioh6o~ca1vwg.pdf".
[4/16/2023 9:15:24 PM] [Information]  DocumentCache -> Renamed cache file "~cioh6o\~cioh6o~1bjd4yp.xpz" to "~cioh6o\~cioh6o~1v85nqj.xpz".
[4/16/2023 9:15:24 PM] [Information]  DocumentCache -> Updated and renamed cache info file "~cioh6o\~cioh6o~1bjd4yp.json" to "~cioh6o\~cioh6o~1v85nqj.json".
[4/16/2023 9:15:24 PM] [Information]  DocumentCache -> Updated and renamed cache info file "~f13r7x\~f13r7x~1uijevy.json" to "~f13r7x\~f13r7x~mcyehq.json".
[4/16/2023 9:15:24 PM] [Information]  DocumentCache -> Renamed cache file "~ffxysn\~ffxysn~1k3kk2s.pdf" to "~ffxysn\~ffxysn~8gmhy4.pdf".
[4/16/2023 9:15:24 PM] [Information]  DocumentCache -> Renamed cache file "~ffxysn\~ffxysn~iv1f6m.xpz" to "~ffxysn\~ffxysn~p2h6cc.xpz".
[4/16/2023 9:15:24 PM] [Information]  DocumentCache -> Updated and renamed cache info file "~ffxysn\~ffxysn~iv1f6m.json" to "~ffxysn\~ffxysn~p2h6cc.json".
[4/16/2023 9:15:24 PM] [Information]  DocumentCache -> Renamed cache file "~jaup5c\~jaup5c~1nrwo2i.pdf" to "~jaup5c\~jaup5c~1f2y5al.pdf".
[4/16/2023 9:15:24 PM] [Information]  DocumentCache -> Renamed cache file "~jaup5c\~jaup5c~s35mxq.xpz" to "~jaup5c\~jaup5c~1uxp7g2.xpz".
[4/16/2023 9:15:24 PM] [Information]  DocumentCache -> Updated and renamed cache info file "~jaup5c\~jaup5c~s35mxq.json" to "~jaup5c\~jaup5c~1uxp7g2.json".
[4/16/2023 9:15:24 PM] [Information]  DocumentCache -> Updated and renamed cache info file "~k0840v\~k0840v~18foyn9.json" to "~k0840v\~k0840v~1u1axnv.json".
[4/16/2023 9:15:24 PM] [Information]  DocumentCache -> Renamed cache file "~olutp5\~olutp5~md9rl0.pdf" to "~olutp5\~olutp5~lypcy3.pdf".
[4/16/2023 9:15:24 PM] [Information]  DocumentCache -> Renamed cache file "~olutp5\~olutp5~1tmq3xd.xpz" to "~olutp5\~olutp5~12qob4g.xpz".
[4/16/2023 9:15:24 PM] [Information]  DocumentCache -> Updated and renamed cache info file "~olutp5\~olutp5~1tmq3xd.json" to "~olutp5\~olutp5~12qob4g.json".
[4/16/2023 9:15:24 PM] [Information]  DocumentCache -> Renamed cache file "~owdess\~owdess~1k3kk2s.pdf" to "~owdess\~owdess~8gmhy4.pdf".
[4/16/2023 9:15:24 PM] [Information]  DocumentCache -> Renamed cache file "~owdess\~owdess~19v5ut7.xpz" to "~owdess\~owdess~1t6jdd6.xpz".
[4/16/2023 9:15:24 PM] [Information]  DocumentCache -> Updated and renamed cache info file "~owdess\~owdess~19v5ut7.json" to "~owdess\~owdess~1t6jdd6.json".
[4/16/2023 9:15:24 PM] [Information]  DocumentCache -> Renamed cache file "~rfm9g1\~rfm9g1~7kbfc8.pdf" to "~rfm9g1\~rfm9g1~1ss2skx.pdf".
[4/16/2023 9:15:24 PM] [Information]  DocumentCache -> Renamed cache file "~rfm9g1\~rfm9g1~10cwxxi.xpz" to "~rfm9g1\~rfm9g1~1822os1.xpz".
[4/16/2023 9:15:24 PM] [Information]  DocumentCache -> Updated and renamed cache info file "~rfm9g1\~rfm9g1~10cwxxi.json" to "~rfm9g1\~rfm9g1~1822os1.json".
[4/16/2023 9:15:24 PM] [Information]  DocumentCache -> Renamed cache file "~wnqnw9\~wnqnw9~1k3kk2s.pdf" to "~wnqnw9\~wnqnw9~8gmhy4.pdf".
[4/16/2023 9:15:24 PM] [Information]  DocumentCache -> Renamed cache file "~wnqnw9\~wnqnw9~1l4rqzu.xpz" to "~wnqnw9\~wnqnw9~57l0nf.xpz".
[4/16/2023 9:15:24 PM] [Information]  DocumentCache -> Updated and renamed cache info file "~wnqnw9\~wnqnw9~1l4rqzu.json" to "~wnqnw9\~wnqnw9~57l0nf.json".
[4/16/2023 9:15:24 PM] [Information]  DocumentCache -> Successfully migrated cache folder from v2.0 to v2.0.2.0.
                                      Location: Type=Physical;Path=~/App_Data/DocumentCache
                                      Elapsed time: 00:00:00.5407247
